<?xml version="1.0" encoding="UTF-8"?>
<!-- Generated by org.testng.reporters.JUnitReportReporter -->
<testsuite hostname="DESKTOP-3IU1GUE" failures="0" tests="1" name="com.api.testScripts.FetchAllCountryTest" time="3.567" errors="0" timestamp="02 May 2021 05:32:29 GMT" skipped="0">
  <testcase classname="com.api.testScripts.FetchAllCountryTest" name="getAllCountries" time="3.567"/>
</testsuite> <!-- com.api.testScripts.FetchAllCountryTest -->
