<?xml version="1.0" encoding="UTF-8"?>
<!-- Generated by org.testng.reporters.JUnitReportReporter -->
<testsuite hostname="DESKTOP-3IU1GUE" failures="0" tests="1" name="com.ra.pratice.DemoParameterization" time="3.571" errors="0" timestamp="24 Apr 2021 06:28:48 GMT" skipped="0">
  <testcase classname="com.ra.pratice.DemoParameterization" name="checkParameter" time="3.571"/>
</testsuite> <!-- com.ra.pratice.DemoParameterization -->
