<?xml version="1.0" encoding="UTF-8"?>
<!-- Generated by org.testng.reporters.JUnitReportReporter -->
<testsuite hostname="DESKTOP-3IU1GUE" failures="0" tests="1" name="com.ra.pratice.DemoAuthentication" time="5.118" errors="0" timestamp="01 May 2021 06:49:27 GMT" skipped="0">
  <testcase classname="com.ra.pratice.DemoAuthentication" name="accessAuthorisedTokenBasedApi" time="5.118"/>
</testsuite> <!-- com.ra.pratice.DemoAuthentication -->
