<?xml version="1.0" encoding="UTF-8"?>
<!-- Generated by org.testng.reporters.JUnitReportReporter -->
<testsuite hostname="DESKTOP-3IU1GUE" failures="0" tests="1" name="com.api.testScripts.FetchAllTodosTest" time="2.543" errors="0" timestamp="02 May 2021 06:10:35 GMT" skipped="0">
  <testcase classname="com.api.testScripts.FetchAllTodosTest" name="getAllTodos" time="2.543"/>
</testsuite> <!-- com.api.testScripts.FetchAllTodosTest -->
