<?xml version="1.0" encoding="UTF-8"?>
<!-- Generated by org.testng.reporters.JUnitReportReporter -->
<testsuite hostname="DESKTOP-3IU1GUE" failures="0" tests="1" name="com.ra.pratice.DemoAssertion" time="5.035" errors="0" timestamp="25 Apr 2021 06:06:53 GMT" skipped="0">
  <testcase classname="com.ra.pratice.DemoAssertion" name="checkAssertionByRA" time="5.035"/>
</testsuite> <!-- com.ra.pratice.DemoAssertion -->
