<?xml version="1.0" encoding="UTF-8"?>
<!-- Generated by org.testng.reporters.JUnitReportReporter -->
<testsuite hostname="DESKTOP-3IU1GUE" failures="0" tests="1" name="com.api.testScripts.FetchAllUsersTest" time="2.405" errors="0" timestamp="02 May 2021 06:11:05 GMT" skipped="0">
  <testcase classname="com.api.testScripts.FetchAllUsersTest" name="getAllUsers" time="2.405"/>
</testsuite> <!-- com.api.testScripts.FetchAllUsersTest -->
