<?xml version="1.0" encoding="UTF-8"?>
<!-- Generated by org.testng.reporters.JUnitReportReporter -->
<testsuite hostname="DESKTOP-3IU1GUE" failures="0" tests="1" name="com.api.testScripts.FetchAllPostsTest" time="2.449" errors="0" timestamp="02 May 2021 06:10:50 GMT" skipped="0">
  <testcase classname="com.api.testScripts.FetchAllPostsTest" name="getAllPosts" time="2.449"/>
</testsuite> <!-- com.api.testScripts.FetchAllPostsTest -->
